<?xml version="1.0" encoding="UTF-8"?>
<!-- Generated by org.testng.reporters.JUnitXMLReporter -->
<testsuite ignored="0" hostname="DESKTOP-6064CKU" failures="0" tests="4" name="Test" time="9.014" errors="0" timestamp="2023-12-02T00:05:04 IST">
  <testcase classname="chainingAPI.CreateAPI" name="createuser" time="7.097"/>
  <testcase classname="chainingAPI.GetUser" name="test_getuser" time="0.656"/>
  <testcase classname="chainingAPI.UpdateUser" name="test_updateuser" time="0.671"/>
  <testcase classname="chainingAPI.DeleteUser" name="test_deleteuser" time="0.454"/>
</testsuite> <!-- Test -->
